<?xml version="1.0" encoding="utf-8"?><testsuites name="pytest tests"><testsuite name="pytest" errors="0" failures="0" skipped="0" tests="429" time="170.839" timestamp="2026-04-20T15:22:48.650555+08:00" hostname="DESKTOP-156C762"><testcase classname="tests.test_core.test_context_manager.TestContextItem" name="test_context_item_init" time="0.001" /><testcase classname="tests.test_core.test_context_manager.TestContextItem" name="test_context_item_is_expired_no_ttl" time="0.000" /><testcase classname="tests.test_core.test_context_manager.TestContextItem" name="test_context_item_is_expired_with_ttl" time="1.101" /><testcase classname="tests.test_core.test_context_manager.TestContextItem" name="test_context_item_touch" time="0.011" /><testcase classname="tests.test_core.test_context_manager.TestContextItem" name="test_context_item_to_dict" time="0.001" /><testcase classname="tests.test_core.test_context_manager.TestContextItem" name="test_context_item_from_dict" time="0.001" /><testcase classname="tests.test_core.test_context_manager.TestContextManager" name="test_context_manager_init" time="5.015" /><testcase classname="tests.test_core.test_context_manager.TestContextManager" name="test_set_and_get_local" time="5.016" /><testcase classname="tests.test_core.test_context_manager.TestContextManager" name="test_set_and_get_shared" time="5.012" /><testcase classname="tests.test_core.test_context_manager.TestContextManager" name="test_set_and_get_global" time="5.009" /><testcase classname="tests.test_core.test_context_manager.TestContextManager" name="test_get_default_value" time="5.009" /><testcase classname="tests.test_core.test_context_manager.TestContextManager" name="test_get_without_default" time="5.012" /><testcase classname="tests.test_core.test_context_manager.TestContextManager" name="test_scope_priority_lookup" time="5.014" /><testcase classname="tests.test_core.test_context_manager.TestContextManager" name="test_delete_existing_key" time="5.013" /><testcase classname="tests.test_core.test_context_manager.TestContextManager" name="test_delete_nonexistent_key" time="5.014" /><testcase classname="tests.test_core.test_context_manager.TestContextManager" name="test_exists" time="5.009" /><testcase classname="tests.test_core.test_context_manager.TestContextManager" name="test_keys" time="5.011" /><testcase classname="tests.test_core.test_context_manager.TestContextManager" name="test_keys_with_scope" time="5.019" /><testcase classname="tests.test_core.test_context_manager.TestContextManager" name="test_get_all" time="5.011" /><testcase classname="tests.test_core.test_context_manager.TestContextManager" name="test_clear_all" time="5.014" /><testcase classname="tests.test_core.test_context_manager.TestContextManager" name="test_clear_with_scope" time="5.017" /><testcase classname="tests.test_core.test_context_manager.TestContextManager" name="test_get_item_with_metadata" time="5.007" /><testcase classname="tests.test_core.test_context_manager.TestContextManager" name="test_listener_notification" time="5.015" /><testcase classname="tests.test_core.test_context_manager.TestContextManager" name="test_remove_listener" time="5.011" /><testcase classname="tests.test_core.test_context_manager.TestContextManager" name="test_create_snapshot" time="5.006" /><testcase classname="tests.test_core.test_context_manager.TestContextManager" name="test_restore_snapshot" time="5.008" /><testcase classname="tests.test_core.test_context_manager.TestContextManager" name="test_restore_snapshot_not_found" time="5.005" /><testcase classname="tests.test_core.test_context_manager.TestContextManager" name="test_list_snapshots" time="5.016" /><testcase classname="tests.test_core.test_context_manager.TestContextManager" name="test_get_stats" time="5.012" /><testcase classname="tests.test_core.test_context_manager.TestContextManager" name="test_export_import_context" time="10.014" /><testcase classname="tests.test_core.test_context_manager.TestSharedContextPool" name="test_shared_context_pool_singleton" time="0.000" /><testcase classname="tests.test_core.test_context_manager.TestSharedContextPool" name="test_register_and_unregister_agent" time="5.010" /><testcase classname="tests.test_core.test_context_manager.TestSharedContextPool" name="test_get_session_agents" time="15.030" /><testcase classname="tests.test_core.test_context_manager.TestCreateContextManager" name="test_create_context_manager" time="5.017" /><testcase classname="tests.test_core.test_di_container.TestLifecycle" name="test_lifecycle_values" time="0.000" /><testcase classname="tests.test_core.test_di_container.TestServiceDescriptor" name="test_descriptor_init" time="0.001" /><testcase classname="tests.test_core.test_di_container.TestDIContainer" name="test_container_init" time="0.000" /><testcase classname="tests.test_core.test_di_container.TestDIContainer" name="test_register_service" time="0.000" /><testcase classname="tests.test_core.test_di_container.TestDIContainer" name="test_register_singleton" time="0.000" /><testcase classname="tests.test_core.test_di_container.TestDIContainer" name="test_register_scoped" time="0.001" /><testcase classname="tests.test_core.test_di_container.TestDIContainer" name="test_register_transient" time="0.000" /><testcase classname="tests.test_core.test_di_container.TestDIContainer" name="test_register_instance" time="0.001" /><testcase classname="tests.test_core.test_di_container.TestDIContainer" name="test_register_with_factory" time="0.000" /><testcase classname="tests.test_core.test_di_container.TestDIContainer" name="test_register_multiple_implementations" time="0.000" /><testcase classname="tests.test_core.test_di_container.TestDIContainer" name="test_chained_registration" time="0.000" /><testcase classname="tests.test_core.test_di_container.TestDIContainer" name="test_get_descriptor_not_found" time="0.000" /><testcase classname="tests.test_core.test_di_container.TestDIContainer" name="test_build_provider" time="0.000" /><testcase classname="tests.test_core.test_di_container.TestServiceProvider" name="test_get_service" time="0.001" /><testcase classname="tests.test_core.test_di_container.TestServiceProvider" name="test_get_service_not_found" time="0.001" /><testcase classname="tests.test_core.test_di_container.TestServiceProvider" name="test_get_required_service" time="0.000" /><testcase classname="tests.test_core.test_di_container.TestServiceProvider" name="test_get_required_service_not_found" time="0.000" /><testcase classname="tests.test_core.test_di_container.TestServiceProvider" name="test_get_services_multiple" time="0.001" /><testcase classname="tests.test_core.test_di_container.TestServiceProvider" name="test_create_instance_no_dependencies" time="0.000" /><testcase classname="tests.test_core.test_di_container.TestServiceProvider" name="test_create_instance_with_dependencies" time="0.000" /><testcase classname="tests.test_core.test_di_container.TestServiceProvider" name="test_create_instance_with_optional_params" time="0.000" /><testcase classname="tests.test_core.test_di_container.TestServiceProvider" name="test_singleton_lifecycle" time="0.000" /><testcase classname="tests.test_core.test_di_container.TestServiceProvider" name="test_transient_lifecycle" time="0.000" /><testcase classname="tests.test_core.test_di_container.TestServiceProvider" name="test_scoped_lifecycle" time="0.000" /><testcase classname="tests.test_core.test_di_container.TestServiceProvider" name="test_scoped_without_scope_raises" time="0.001" /><testcase classname="tests.test_core.test_di_container.TestServiceScope" name="test_scope_get_or_create" time="0.000" /><testcase classname="tests.test_core.test_di_container.TestServiceScope" name="test_scope_dispose" time="0.000" /><testcase classname="tests.test_core.test_di_container.TestCircularDependencyDetection" name="test_no_circular_dependencies" time="0.000" /><testcase classname="tests.test_core.test_di_container.TestCircularDependencyDetection" name="test_circular_dependencies_detected" time="0.001" /><testcase classname="tests.test_core.test_di_container.TestGlobalContainer" name="test_get_global_container_singleton" time="0.000" /><testcase classname="tests.test_core.test_di_container.TestGlobalContainer" name="test_get_global_provider_singleton" time="0.000" /><testcase classname="tests.test_core.test_di_container.TestExceptions" name="test_service_not_found_error" time="0.000" /><testcase classname="tests.test_core.test_di_container.TestExceptions" name="test_dependency_resolution_error" time="0.000" /><testcase classname="tests.test_core.test_event_bus.TestEvent" name="test_event_init_with_enum_type" time="0.000" /><testcase classname="tests.test_core.test_event_bus.TestEvent" name="test_event_init_with_string_type" time="0.000" /><testcase classname="tests.test_core.test_event_bus.TestEvent" name="test_event_post_init_converts_enum" time="0.000" /><testcase classname="tests.test_core.test_event_bus.TestEvent" name="test_event_to_dict" time="0.000" /><testcase classname="tests.test_core.test_event_bus.TestEvent" name="test_event_to_json" time="0.000" /><testcase classname="tests.test_core.test_event_bus.TestEvent" name="test_event_from_dict" time="0.000" /><testcase classname="tests.test_core.test_event_bus.TestEventBus" name="test_event_bus_init" time="0.000" /><testcase classname="tests.test_core.test_event_bus.TestEventBus" name="test_subscribe_and_publish_sync" time="0.114" /><testcase classname="tests.test_core.test_event_bus.TestEventBus" name="test_subscribe_and_publish_async" time="0.002" /><testcase classname="tests.test_core.test_event_bus.TestEventBus" name="test_unsubscribe" time="0.211" /><testcase classname="tests.test_core.test_event_bus.TestEventBus" name="test_subscribe_multiple_handlers" time="0.105" /><testcase classname="tests.test_core.test_event_bus.TestEventBus" name="test_subscribe_multiple_event_types" time="0.105" /><testcase classname="tests.test_core.test_event_bus.TestEventBus" name="test_once_subscription" time="0.107" /><testcase classname="tests.test_core.test_event_bus.TestEventBus" name="test_publish_with_wait" time="0.061" /><testcase classname="tests.test_core.test_event_bus.TestEventBus" name="test_get_history" time="0.001" /><testcase classname="tests.test_core.test_event_bus.TestEventBus" name="test_clear_history" time="0.001" /><testcase classname="tests.test_core.test_event_bus.TestEventBus" name="test_publish_type_convenience" time="0.109" /><testcase classname="tests.test_core.test_event_bus.TestEventBus" name="test_no_handlers_for_event" time="0.002" /><testcase classname="tests.test_core.test_event_bus.TestEventFilters" name="test_source_filter_matches" time="0.000" /><testcase classname="tests.test_core.test_event_bus.TestEventFilters" name="test_source_filter_single_source" time="0.001" /><testcase classname="tests.test_core.test_event_bus.TestEventFilters" name="test_payload_filter_matches" time="0.000" /><testcase classname="tests.test_core.test_event_bus.TestEventFilters" name="test_payload_filter_partial_match" time="0.000" /><testcase classname="tests.test_core.test_event_bus.TestGlobalEventBus" name="test_global_event_bus_exists" time="0.002" /><testcase classname="tests.test_core.test_event_bus.TestGlobalEventBus" name="test_global_subscribe_and_publish" time="0.114" /><testcase classname="tests.test_database.test_connection_pool.TestConnectionStatus" name="test_status_values" time="0.001" /><testcase classname="tests.test_database.test_connection_pool.TestConnectionWrapper" name="test_init_default_values" time="0.000" /><testcase classname="tests.test_database.test_connection_pool.TestConnectionWrapper" name="test_touch_updates_fields" time="0.012" /><testcase classname="tests.test_database.test_connection_pool.TestConnectionWrapper" name="test_touch_multiple_times" time="0.000" /><testcase classname="tests.test_database.test_connection_pool.TestBaseConnectionPool" name="test_init_default_params" time="0.000" /><testcase classname="tests.test_database.test_connection_pool.TestBaseConnectionPool" name="test_init_custom_params" time="0.000" /><testcase classname="tests.test_database.test_connection_pool.TestBaseConnectionPool" name="test_initialize_creates_min_connections" time="0.000" /><testcase classname="tests.test_database.test_connection_pool.TestBaseConnectionPool" name="test_initialize_handles_creation_failure" time="0.001" /><testcase classname="tests.test_database.test_connection_pool.TestBaseConnectionPool" name="test_acquire_gets_connection" time="0.000" /><testcase classname="tests.test_database.test_connection_pool.TestBaseConnectionPool" name="test_acquire_releases_connection" time="0.001" /><testcase classname="tests.test_database.test_connection_pool.TestBaseConnectionPool" name="test_acquire_timeout" time="0.101" /><testcase classname="tests.test_database.test_connection_pool.TestBaseConnectionPool" name="test_acquire_creates_new_connection" time="0.000" /><testcase classname="tests.test_database.test_connection_pool.TestBaseConnectionPool" name="test_get_stats" time="0.004" /><testcase classname="tests.test_database.test_connection_pool.TestBaseConnectionPool" name="test_get_stats_with_in_use" time="0.001" /><testcase classname="tests.test_database.test_connection_pool.TestBaseConnectionPool" name="test_close_all" time="0.001" /><testcase classname="tests.test_database.test_connection_pool.TestBaseConnectionPool" name="test_close_all_with_in_use" time="0.000" /><testcase classname="tests.test_database.test_connection_pool.TestBaseConnectionPool" name="test_acquire_expired_connection" time="0.021" /><testcase classname="tests.test_database.test_connection_pool.TestBaseConnectionPool" name="test_concurrent_acquire" time="0.103" /><testcase classname="tests.test_database.test_mongodb_client.TestMongoDBClientInit" name="test_init_with_config_dict" time="0.000" /><testcase classname="tests.test_database.test_mongodb_client.TestMongoDBClientInit" name="test_init_with_default_config" time="0.001" /><testcase classname="tests.test_database.test_mongodb_client.TestMongoDBClientInit" name="test_init_with_explicit_params" time="0.001" /><testcase classname="tests.test_database.test_mongodb_client.TestMongoDBClientConnect" name="test_connect_with_auth_success" time="0.001" /><testcase classname="tests.test_database.test_mongodb_client.TestMongoDBClientConnect" name="test_connect_without_auth_success" time="0.001" /><testcase classname="tests.test_database.test_mongodb_client.TestMongoDBClientConnect" name="test_connect_failure" time="0.000" /><testcase classname="tests.test_database.test_mongodb_client.TestMongoDBClientDisconnect" name="test_disconnect_success" time="0.000" /><testcase classname="tests.test_database.test_mongodb_client.TestMongoDBClientDisconnect" name="test_disconnect_with_error" time="0.000" /><testcase classname="tests.test_database.test_mongodb_client.TestMongoDBClientIsConnected" name="test_is_connected_no_client" time="0.000" /><testcase classname="tests.test_database.test_mongodb_client.TestMongoDBClientIsConnected" name="test_is_connected_success" time="0.000" /><testcase classname="tests.test_database.test_mongodb_client.TestMongoDBClientIsConnected" name="test_is_connected_failure" time="0.000" /><testcase classname="tests.test_database.test_mongodb_client.TestMongoDBClientHealthCheck" name="test_health_check_not_connected" time="0.001" /><testcase classname="tests.test_database.test_mongodb_client.TestMongoDBClientHealthCheck" name="test_health_check_healthy" time="0.001" /><testcase classname="tests.test_database.test_mongodb_client.TestMongoDBClientHealthCheck" name="test_health_check_unhealthy" time="0.000" /><testcase classname="tests.test_database.test_mongodb_client.TestMongoDBClientCRUD" name="test_create_success" time="0.001" /><testcase classname="tests.test_database.test_mongodb_client.TestMongoDBClientCRUD" name="test_create_failure" time="0.000" /><testcase classname="tests.test_database.test_mongodb_client.TestMongoDBClientCRUD" name="test_read_all" time="0.000" /><testcase classname="tests.test_database.test_mongodb_client.TestMongoDBClientCRUD" name="test_read_with_query" time="0.000" /><testcase classname="tests.test_database.test_mongodb_client.TestMongoDBClientCRUD" name="test_read_with_limit" time="0.000" /><testcase classname="tests.test_database.test_mongodb_client.TestMongoDBClientCRUD" name="test_update_success" time="0.001" /><testcase classname="tests.test_database.test_mongodb_client.TestMongoDBClientCRUD" name="test_update_with_upsert" time="0.001" /><testcase classname="tests.test_database.test_mongodb_client.TestMongoDBClientCRUD" name="test_update_failure" time="0.001" /><testcase classname="tests.test_database.test_mongodb_client.TestMongoDBClientCRUD" name="test_delete_success" time="0.001" /><testcase classname="tests.test_database.test_mongodb_client.TestMongoDBClientCRUD" name="test_delete_failure" time="0.000" /><testcase classname="tests.test_database.test_mongodb_client.TestMongoDBClientCRUD" name="test_count_all" time="0.000" /><testcase classname="tests.test_database.test_mongodb_client.TestMongoDBClientCRUD" name="test_count_with_query" time="0.001" /><testcase classname="tests.test_database.test_mongodb_client.TestMongoDBClientSpecificMethods" name="test_get_collection" time="0.000" /><testcase classname="tests.test_database.test_mongodb_client.TestMongoDBClientSpecificMethods" name="test_list_collections" time="0.000" /><testcase classname="tests.test_database.test_mongodb_client.TestMongoDBClientSpecificMethods" name="test_create_index" time="0.000" /><testcase classname="tests.test_database.test_mongodb_client.TestMongoDBClientSpecificMethods" name="test_create_compound_index" time="0.000" /><testcase classname="tests.test_database.test_mongodb_client.TestMongoDBClientSpecificMethods" name="test_bulk_insert" time="0.001" /><testcase classname="tests.test_database.test_mongodb_client.TestMongoDBClientSpecificMethods" name="test_find_one" time="0.000" /><testcase classname="tests.test_database.test_mongodb_client.TestMongoDBClientSpecificMethods" name="test_find_one_not_found" time="0.000" /><testcase classname="tests.test_database.test_mongodb_client.TestMongoDBClientSpecificMethods" name="test_aggregate" time="0.001" /><testcase classname="tests.test_database.test_mongodb_client.TestMongoDBClientSpecificMethods" name="test_drop_collection" time="0.001" /><testcase classname="tests.test_database.test_mongodb_client.TestMongoDBClientSpecificMethods" name="test_test_connection_healthy" time="0.001" /><testcase classname="tests.test_database.test_mongodb_client.TestMongoDBClientSpecificMethods" name="test_test_connection_unhealthy" time="0.001" /><testcase classname="tests.test_database.test_mongodb_client.TestMongoDBClientObjectIdConversion" name="test_convert_objectid_simple" time="0.000" /><testcase classname="tests.test_database.test_mongodb_client.TestMongoDBClientObjectIdConversion" name="test_convert_objectid_nested" time="0.000" /><testcase classname="tests.test_database.test_mongodb_client.TestMongoDBClientObjectIdConversion" name="test_convert_objectid_in_list" time="0.000" /><testcase classname="tests.test_database.test_mysql_client.TestMySQLClientInit" name="test_init_with_config_dict" time="0.001" /><testcase classname="tests.test_database.test_mysql_client.TestMySQLClientInit" name="test_init_with_default_config" time="0.001" /><testcase classname="tests.test_database.test_mysql_client.TestMySQLClientInit" name="test_init_with_explicit_params" time="0.001" /><testcase classname="tests.test_database.test_mysql_client.TestMySQLClientConnect" name="test_connect_success" time="0.002" /><testcase classname="tests.test_database.test_mysql_client.TestMySQLClientConnect" name="test_connect_failure" time="0.001" /><testcase classname="tests.test_database.test_mysql_client.TestMySQLClientDisconnect" name="test_disconnect_success" time="0.001" /><testcase classname="tests.test_database.test_mysql_client.TestMySQLClientDisconnect" name="test_disconnect_with_error" time="0.001" /><testcase classname="tests.test_database.test_mysql_client.TestMySQLClientDisconnect" name="test_disconnect_no_pool" time="0.001" /><testcase classname="tests.test_database.test_mysql_client.TestMySQLClientIsConnected" name="test_is_connected_no_pool" time="0.001" /><testcase classname="tests.test_database.test_mysql_client.TestMySQLClientIsConnected" name="test_is_connected_success" time="0.001" /><testcase classname="tests.test_database.test_mysql_client.TestMySQLClientIsConnected" name="test_is_connected_failure" time="0.001" /><testcase classname="tests.test_database.test_mysql_client.TestMySQLClientHealthCheck" name="test_health_check_not_connected" time="0.001" /><testcase classname="tests.test_database.test_mysql_client.TestMySQLClientHealthCheck" name="test_health_check_healthy" time="0.001" /><testcase classname="tests.test_database.test_mysql_client.TestMySQLClientHealthCheck" name="test_health_check_unhealthy" time="4.063" /><testcase classname="tests.test_database.test_mysql_client.TestMySQLClientCRUD" name="test_create_success" time="0.001" /><testcase classname="tests.test_database.test_mysql_client.TestMySQLClientCRUD" name="test_create_failure" time="0.001" /><testcase classname="tests.test_database.test_mysql_client.TestMySQLClientCRUD" name="test_read_all" time="0.001" /><testcase classname="tests.test_database.test_mysql_client.TestMySQLClientCRUD" name="test_read_with_query" time="0.001" /><testcase classname="tests.test_database.test_mysql_client.TestMySQLClientCRUD" name="test_read_with_operators" time="0.001" /><testcase classname="tests.test_database.test_mysql_client.TestMySQLClientCRUD" name="test_read_with_limit" time="0.001" /><testcase classname="tests.test_database.test_mysql_client.TestMySQLClientCRUD" name="test_update_success" time="0.001" /><testcase classname="tests.test_database.test_mysql_client.TestMySQLClientCRUD" name="test_update_with_upsert" time="0.002" /><testcase classname="tests.test_database.test_mysql_client.TestMySQLClientCRUD" name="test_update_failure" time="0.001" /><testcase classname="tests.test_database.test_mysql_client.TestMySQLClientCRUD" name="test_delete_success" time="0.002" /><testcase classname="tests.test_database.test_mysql_client.TestMySQLClientCRUD" name="test_delete_failure" time="0.001" /><testcase classname="tests.test_database.test_mysql_client.TestMySQLClientCRUD" name="test_count_all" time="0.001" /><testcase classname="tests.test_database.test_mysql_client.TestMySQLClientCRUD" name="test_count_with_query" time="0.001" /><testcase classname="tests.test_database.test_mysql_client.TestMySQLClientBusinessMethods" name="test_create_task" time="0.001" /><testcase classname="tests.test_database.test_mysql_client.TestMySQLClientBusinessMethods" name="test_update_task_status" time="0.001" /><testcase classname="tests.test_database.test_mysql_client.TestMySQLClientBusinessMethods" name="test_get_task" time="0.002" /><testcase classname="tests.test_database.test_mysql_client.TestMySQLClientBusinessMethods" name="test_get_task_not_found" time="0.001" /><testcase classname="tests.test_database.test_mysql_client.TestMySQLClientBusinessMethods" name="test_insert_logs" time="0.001" /><testcase classname="tests.test_database.test_mysql_client.TestMySQLClientBusinessMethods" name="test_insert_logs_empty" time="0.001" /><testcase classname="tests.test_database.test_mysql_client.TestMySQLClientBusinessMethods" name="test_get_tasks_by_status" time="0.001" /><testcase classname="tests.test_database.test_mysql_client.TestMySQLClientBusinessMethods" name="test_get_tasks_by_user" time="0.001" /><testcase classname="tests.test_database.test_mysql_client.TestMySQLClientBusinessMethods" name="test_test_connection_healthy" time="0.001" /><testcase classname="tests.test_database.test_mysql_client.TestMySQLClientBusinessMethods" name="test_test_connection_unhealthy" time="4.074" /><testcase classname="tests.test_database.test_mysql_client.TestMySQLClientContextManagers" name="test_get_connection_context_manager" time="0.001" /><testcase classname="tests.test_database.test_mysql_client.TestMySQLClientContextManagers" name="test_get_cursor_context_manager" time="0.001" /><testcase classname="tests.test_database.test_mysql_client.TestMySQLClientContextManagers" name="test_session_context_manager" time="0.001" /><testcase classname="tests.test_database.test_neo4j_client.TestNeo4jClientInit" name="test_init_with_config_dict" time="0.000" /><testcase classname="tests.test_database.test_neo4j_client.TestNeo4jClientInit" name="test_init_with_default_config" time="0.001" /><testcase classname="tests.test_database.test_neo4j_client.TestNeo4jClientInit" name="test_init_with_explicit_params" time="0.001" /><testcase classname="tests.test_database.test_neo4j_client.TestNeo4jClientConnect" name="test_connect_success" time="0.001" /><testcase classname="tests.test_database.test_neo4j_client.TestNeo4jClientConnect" name="test_connect_failure" time="0.001" /><testcase classname="tests.test_database.test_neo4j_client.TestNeo4jClientDisconnect" name="test_disconnect_success" time="0.000" /><testcase classname="tests.test_database.test_neo4j_client.TestNeo4jClientDisconnect" name="test_disconnect_with_error" time="0.000" /><testcase classname="tests.test_database.test_neo4j_client.TestNeo4jClientIsConnected" name="test_is_connected_no_driver" time="0.000" /><testcase classname="tests.test_database.test_neo4j_client.TestNeo4jClientIsConnected" name="test_is_connected_success" time="0.001" /><testcase classname="tests.test_database.test_neo4j_client.TestNeo4jClientIsConnected" name="test_is_connected_failure" time="0.000" /><testcase classname="tests.test_database.test_neo4j_client.TestNeo4jClientHealthCheck" name="test_health_check_not_connected" time="0.001" /><testcase classname="tests.test_database.test_neo4j_client.TestNeo4jClientHealthCheck" name="test_health_check_healthy" time="0.001" /><testcase classname="tests.test_database.test_neo4j_client.TestNeo4jClientHealthCheck" name="test_health_check_unhealthy" time="0.001" /><testcase classname="tests.test_database.test_neo4j_client.TestNeo4jClientGraphOperations" name="test_create_node_method_exists" time="0.000" /><testcase classname="tests.test_database.test_neo4j_client.TestNeo4jClientGraphOperations" name="test_find_nodes_method_exists" time="0.000" /><testcase classname="tests.test_database.test_neo4j_client.TestNeo4jClientGraphOperations" name="test_create_relationship_method_exists" time="0.000" /><testcase classname="tests.test_database.test_neo4j_client.TestNeo4jClientGraphOperations" name="test_execute_cypher_method_exists" time="0.000" /><testcase classname="tests.test_database.test_neo4j_client.TestNeo4jClientGraphOperations" name="test_traverse_method_exists" time="0.000" /><testcase classname="tests.test_database.test_neo4j_client.TestNeo4jClientBusinessMethods" name="test_create_character_node_method_exists" time="0.000" /><testcase classname="tests.test_database.test_neo4j_client.TestNeo4jClientBusinessMethods" name="test_create_world_entity_node_method_exists" time="0.000" /><testcase classname="tests.test_database.test_neo4j_client.TestNeo4jClientBusinessMethods" name="test_find_characters_by_name_method_exists" time="0.000" /><testcase classname="tests.test_database.test_neo4j_client.TestNeo4jClientBusinessMethods" name="test_find_world_entities_by_type_method_exists" time="0.000" /><testcase classname="tests.test_database.test_neo4j_client.TestNeo4jClientBusinessMethods" name="test_create_character_relationship_method_exists" time="0.000" /><testcase classname="tests.test_database.test_neo4j_client.TestNeo4jClientBusinessMethods" name="test_get_character_network_method_exists" time="0.000" /><testcase classname="tests.test_database.test_neo4j_client.TestNeo4jClientBusinessMethods" name="test_create_plot_arc_method_exists" time="0.000" /><testcase classname="tests.test_database.test_neo4j_client.TestNeo4jClientBusinessMethods" name="test_test_connection_method_exists" time="0.001" /><testcase classname="tests.test_database.test_neo4j_client.TestNeo4jClientSessionContextManager" name="test_session_context_manager" time="0.001" /><testcase classname="tests.test_agents.test_base.TestMessage" name="test_message_init" time="0.000" /><testcase classname="tests.test_agents.test_base.TestMessage" name="test_message_init_defaults" time="0.000" /><testcase classname="tests.test_agents.test_base.TestMessage" name="test_message_to_dict" time="0.000" /><testcase classname="tests.test_agents.test_base.TestMessage" name="test_message_from_dict" time="0.000" /><testcase classname="tests.test_agents.test_base.TestMessage" name="test_message_from_dict_defaults" time="0.000" /><testcase classname="tests.test_agents.test_base.TestMessage" name="test_message_from_dict_all_types" time="0.000" /><testcase classname="tests.test_agents.test_base.TestAgentConfig" name="test_agent_config_init" time="0.000" /><testcase classname="tests.test_agents.test_base.TestAgentConfig" name="test_agent_config_init_defaults" time="0.000" /><testcase classname="tests.test_agents.test_base.TestAgentConfig" name="test_agent_config_from_config" time="0.000" /><testcase classname="tests.test_agents.test_base.TestAgentConfig" name="test_agent_config_from_config_none" time="0.001" /><testcase classname="tests.test_agents.test_base.TestBaseAgent" name="test_base_agent_init" time="0.000" /><testcase classname="tests.test_agents.test_base.TestBaseAgent" name="test_base_agent_properties" time="0.000" /><testcase classname="tests.test_agents.test_base.TestBaseAgent" name="test_base_agent_initialize_success" time="0.001" /><testcase classname="tests.test_agents.test_base.TestBaseAgent" name="test_base_agent_initialize_failure" time="0.001" /><testcase classname="tests.test_agents.test_base.TestBaseAgent" name="test_base_agent_cleanup_success" time="0.001" /><testcase classname="tests.test_agents.test_base.TestBaseAgent" name="test_base_agent_cleanup_failure" time="0.001" /><testcase classname="tests.test_agents.test_base.TestBaseAgent" name="test_base_agent_context_operations" time="0.000" /><testcase classname="tests.test_agents.test_base.TestBaseAgent" name="test_base_agent_add_message" time="0.000" /><testcase classname="tests.test_agents.test_base.TestBaseAgent" name="test_base_agent_add_message_limit" time="0.000" /><testcase classname="tests.test_agents.test_base.TestBaseAgent" name="test_base_agent_process_abstract" time="0.000" /><testcase classname="tests.test_agents.test_base.TestBaseAgent" name="test_base_agent_generate_response_without_llm" time="0.000" /><testcase classname="tests.test_agents.test_base.TestBaseAgent" name="test_base_agent_health_check" time="0.000" /><testcase classname="tests.test_agents.test_base.TestBaseAgent" name="test_base_agent_health_check_with_history" time="0.000" /><testcase classname="tests.test_agents.test_base.TestBaseAgent" name="test_base_agent_create_message" time="0.000" /><testcase classname="tests.test_agents.test_base.TestBaseAgent" name="test_base_agent_execute_tool_file_read" time="0.008" /><testcase classname="tests.test_agents.test_base.TestBaseAgent" name="test_base_agent_execute_tool_file_read_error" time="0.001" /><testcase classname="tests.test_agents.test_base.TestBaseAgent" name="test_base_agent_execute_tool_file_write" time="0.004" /><testcase classname="tests.test_agents.test_base.TestBaseAgent" name="test_base_agent_execute_tool_calculation" time="0.001" /><testcase classname="tests.test_agents.test_base.TestBaseAgent" name="test_base_agent_execute_tool_calculation_invalid" time="0.001" /><testcase classname="tests.test_agents.test_base.TestBaseAgent" name="test_base_agent_execute_tool_format_text" time="0.001" /><testcase classname="tests.test_agents.test_base.TestBaseAgent" name="test_base_agent_execute_tool_echo" time="0.001" /><testcase classname="tests.test_agents.test_base.TestBaseAgent" name="test_base_agent_execute_tool_not_registered" time="0.000" /><testcase classname="tests.test_agents.test_base.TestBaseAgent" name="test_base_agent_execute_tool_not_implemented" time="0.001" /><testcase classname="tests.test_agents.test_base.TestAgentRouter" name="test_agent_router_init" time="0.000" /><testcase classname="tests.test_agents.test_base.TestAgentRouter" name="test_agent_router_register_agent" time="0.001" /><testcase classname="tests.test_agents.test_base.TestAgentRouter" name="test_agent_router_register_agent_with_keywords" time="0.000" /><testcase classname="tests.test_agents.test_base.TestAgentRouter" name="test_agent_router_register_agent_failure" time="0.001" /><testcase classname="tests.test_agents.test_base.TestAgentRouter" name="test_agent_router_unregister_agent" time="0.001" /><testcase classname="tests.test_agents.test_base.TestAgentRouter" name="test_agent_router_unregister_agent_failure" time="0.001" /><testcase classname="tests.test_agents.test_base.TestAgentRouter" name="test_agent_router_route_by_keyword" time="0.000" /><testcase classname="tests.test_agents.test_base.TestAgentRouter" name="test_agent_router_route_default" time="0.000" /><testcase classname="tests.test_agents.test_base.TestAgentRouter" name="test_agent_router_route_no_agent" time="0.000" /><testcase classname="tests.test_agents.test_base.TestAgentRouter" name="test_agent_router_process" time="0.000" /><testcase classname="tests.test_agents.test_base.TestAgentRouter" name="test_agent_router_process_no_agent" time="0.000" /><testcase classname="tests.test_agents.test_base.TestAgentRouter" name="test_agent_router_process_error" time="0.001" /><testcase classname="tests.test_agents.test_base.TestAgentRouter" name="test_agent_router_get_agent" time="0.000" /><testcase classname="tests.test_agents.test_base.TestAgentRouter" name="test_agent_router_list_agents" time="0.001" /><testcase classname="tests.test_agents.test_base.TestAgentState" name="test_agent_state_values" time="0.000" /><testcase classname="tests.test_agents.test_base.TestAgentState" name="test_agent_state_all_states" time="0.000" /><testcase classname="tests.test_agents.test_base.TestMessageType" name="test_message_type_values" time="0.000" /><testcase classname="tests.test_agents.test_base.TestMessageType" name="test_message_type_all_types" time="0.000" /><testcase classname="tests.test_agents.test_character_generator" name="test_character_generator" time="0.000" /><testcase classname="tests.test_agents.test_config_enhancer" name="test_config_enhancer" time="0.000" /><testcase classname="tests.test_agents.test_content_generator" name="test_content_generator" time="0.000" /><testcase classname="tests.test_agents.test_coordinator" name="test_coordinator_initialization" time="0.000" /><testcase classname="tests.test_agents.test_coordinator" name="test_dag_planning" time="0.000" /><testcase classname="tests.test_agents.test_coordinator" name="test_message_handling" time="0.000" /><testcase classname="tests.test_agents.test_coordinator" name="test_state_transitions" time="0.000" /><testcase classname="tests.test_agents.test_coordinator" name="test_workflow_simulation" time="0.000" /><testcase classname="tests.test_agents.test_coordinator" name="test_dag_operations" time="0.000" /><testcase classname="tests.test_agents.test_coordinator" name="test_error_handling" time="0.000" /><testcase classname="tests.test_agents.test_coordinator" name="test_execution_status" time="0.000" /><testcase classname="tests.test_agents.test_health_checker" name="test_health_checker" time="0.000" /><testcase classname="tests.test_agents.test_outline_planner" name="test_outline_planner" time="0.000" /><testcase classname="tests.test_agents.test_quality_checker" name="test_quality_checker" time="0.000" /><testcase classname="tests.test_agents.test_task_manager" name="test_task_manager" time="0.000" /><testcase classname="tests.test_messaging.test_rocketmq_consumer.TestConsumerConfig" name="test_config_init" time="0.000" /><testcase classname="tests.test_messaging.test_rocketmq_consumer.TestConsumerConfig" name="test_config_with_optional_params" time="0.000" /><testcase classname="tests.test_messaging.test_rocketmq_consumer.TestConsumerConfig" name="test_config_defaults" time="0.000" /><testcase classname="tests.test_messaging.test_rocketmq_consumer.TestMessageHandler" name="test_handler_init" time="0.000" /><testcase classname="tests.test_messaging.test_rocketmq_consumer.TestMessageHandler" name="test_handle_message" time="0.000" /><testcase classname="tests.test_messaging.test_rocketmq_consumer.TestMessageHandler" name="test_handle_multiple_messages" time="0.000" /><testcase classname="tests.test_messaging.test_rocketmq_consumer.TestRocketMQConsumerInit" name="test_consumer_init_with_config" time="0.001" /><testcase classname="tests.test_messaging.test_rocketmq_consumer.TestRocketMQConsumerInit" name="test_consumer_init_with_kwargs" time="0.001" /><testcase classname="tests.test_messaging.test_rocketmq_consumer.TestRocketMQConsumerInit" name="test_consumer_init_default" time="0.001" /><testcase classname="tests.test_messaging.test_rocketmq_consumer.TestRocketMQConsumerConnection" name="test_connect_mock_mode" time="0.001" /><testcase classname="tests.test_messaging.test_rocketmq_consumer.TestRocketMQConsumerConnection" name="test_disconnect_mock_mode" time="0.001" /><testcase classname="tests.test_messaging.test_rocketmq_consumer.TestRocketMQConsumerConnection" name="test_disconnect_not_connected" time="0.001" /><testcase classname="tests.test_messaging.test_rocketmq_consumer.TestRocketMQConsumerHealthCheck" name="test_health_check_connected" time="0.001" /><testcase classname="tests.test_messaging.test_rocketmq_consumer.TestRocketMQConsumerHealthCheck" name="test_health_check_disconnected" time="0.001" /><testcase classname="tests.test_messaging.test_rocketmq_consumer.TestRocketMQConsumerHealthCheck" name="test_test_connection" time="0.001" /><testcase classname="tests.test_messaging.test_rocketmq_consumer.TestRocketMQConsumerSubscription" name="test_subscribe_handler" time="0.001" /><testcase classname="tests.test_messaging.test_rocketmq_consumer.TestRocketMQConsumerSubscription" name="test_subscribe_multiple_handlers_same_topic" time="0.001" /><testcase classname="tests.test_messaging.test_rocketmq_consumer.TestRocketMQConsumerSubscription" name="test_subscribe_multiple_topics" time="0.001" /><testcase classname="tests.test_messaging.test_rocketmq_consumer.TestRocketMQConsumerLifecycle" name="test_start_stop" time="0.001" /><testcase classname="tests.test_messaging.test_rocketmq_consumer.TestRocketMQConsumerLifecycle" name="test_start_already_running" time="0.001" /><testcase classname="tests.test_messaging.test_rocketmq_consumer.TestRocketMQConsumerLifecycle" name="test_start_without_connection" time="0.001" /><testcase classname="tests.test_messaging.test_rocketmq_consumer.TestRocketMQConsumerMessageProcessing" name="test_on_message" time="0.001" /><testcase classname="tests.test_messaging.test_rocketmq_consumer.TestRocketMQConsumerMessageProcessing" name="test_on_message_no_handler" time="0.001" /><testcase classname="tests.test_messaging.test_rocketmq_consumer.TestRocketMQConsumerMessageProcessing" name="test_on_message_invalid_json" time="0.001" /><testcase classname="tests.test_messaging.test_rocketmq_consumer.TestRocketMQConsumerMessageProcessing" name="test_on_message_handler_exception" time="0.002" /><testcase classname="tests.test_messaging.test_rocketmq_consumer.TestRocketMQConsumerSendMessage" name="test_send_message_when_running" time="0.001" /><testcase classname="tests.test_messaging.test_rocketmq_consumer.TestRocketMQConsumerSendMessage" name="test_send_message_when_not_running" time="0.001" /><testcase classname="tests.test_messaging.test_rocketmq_consumer.TestRocketMQConsumerSendMessage" name="test_send_message_when_disconnected" time="0.001" /><testcase classname="tests.test_messaging.test_rocketmq_consumer.TestBaseConsumerAbstract" name="test_base_consumer_is_abstract" time="0.000" /><testcase classname="tests.test_messaging.test_rocketmq_consumer.TestBaseConsumerAbstract" name="test_base_consumer_subclass_must_implement" time="0.000" /><testcase classname="tests.test_messaging.test_rocketmq_producer.TestProducerConfig" name="test_default_config" time="0.000" /><testcase classname="tests.test_messaging.test_rocketmq_producer.TestProducerConfig" name="test_custom_config" time="0.000" /><testcase classname="tests.test_messaging.test_rocketmq_producer.TestProducerConfig" name="test_from_config_dict" time="0.000" /><testcase classname="tests.test_messaging.test_rocketmq_producer.TestRocketMQProducerInit" name="test_init_default_config" time="0.001" /><testcase classname="tests.test_messaging.test_rocketmq_producer.TestRocketMQProducerInit" name="test_init_with_config_object" time="0.001" /><testcase classname="tests.test_messaging.test_rocketmq_producer.TestRocketMQProducerInit" name="test_init_with_kwargs" time="0.001" /><testcase classname="tests.test_messaging.test_rocketmq_producer.TestRocketMQProducerInit" name="test_init_mock_mode" time="0.001" /><testcase classname="tests.test_messaging.test_rocketmq_producer.TestRocketMQProducerConnection" name="test_connect_mock_mode" time="0.001" /><testcase classname="tests.test_messaging.test_rocketmq_producer.TestRocketMQProducerConnection" name="test_disconnect_mock_mode" time="0.001" /><testcase classname="tests.test_messaging.test_rocketmq_producer.TestRocketMQProducerConnection" name="test_close_alias" time="0.001" /><testcase classname="tests.test_messaging.test_rocketmq_producer.TestRocketMQProducerHealthCheck" name="test_health_check_connected" time="0.001" /><testcase classname="tests.test_messaging.test_rocketmq_producer.TestRocketMQProducerHealthCheck" name="test_health_check_disconnected" time="0.001" /><testcase classname="tests.test_messaging.test_rocketmq_producer.TestRocketMQProducerHealthCheck" name="test_test_connection" time="0.001" /><testcase classname="tests.test_messaging.test_rocketmq_producer.TestRocketMQProducerSend" name="test_send_sync_mock" time="0.001" /><testcase classname="tests.test_messaging.test_rocketmq_producer.TestRocketMQProducerSend" name="test_send_mock" time="0.001" /><testcase classname="tests.test_messaging.test_rocketmq_producer.TestRocketMQProducerSend" name="test_send_async_mock" time="0.001" /><testcase classname="tests.test_messaging.test_rocketmq_producer.TestRocketMQProducerSend" name="test_send_one_way_mock" time="0.001" /><testcase classname="tests.test_messaging.test_rocketmq_producer.TestRocketMQProducerSend" name="test_send_without_connection" time="0.001" /><testcase classname="tests.test_messaging.test_rocketmq_producer.TestRocketMQProducerBatch" name="test_send_batch" time="0.001" /><testcase classname="tests.test_messaging.test_rocketmq_producer.TestRocketMQProducerAdvanced" name="test_send_delayed_mock" time="0.001" /><testcase classname="tests.test_messaging.test_rocketmq_producer.TestRocketMQProducerAdvanced" name="test_send_orderly_mock" time="0.001" /><testcase classname="tests.test_messaging.test_rocketmq_producer.TestNovelGenerationMessage" name="test_create_task" time="0.000" /><testcase classname="tests.test_messaging.test_rocketmq_producer.TestNovelGenerationMessage" name="test_update_task" time="0.000" /><testcase classname="tests.test_messaging.test_rocketmq_producer.TestNovelGenerationMessage" name="test_generate_chapter" time="0.000" /><testcase classname="tests.test_messaging.test_rocketmq_producer.TestNotifyMessage" name="test_create_notification" time="0.000" /><testcase classname="tests.test_messaging.test_rocketmq_producer.TestBaseProducerAbstract" name="test_base_producer_is_abstract" time="0.000" /><testcase classname="tests.test_messaging.test_rocketmq_producer.TestBaseProducerAbstract" name="test_base_producer_subclass_must_implement" time="0.000" /><testcase classname="tests.test_api.test_middleware.TestRequestContext" name="test_set_and_get" time="0.001" /><testcase classname="tests.test_api.test_middleware.TestRequestContext" name="test_get_with_default" time="0.000" /><testcase classname="tests.test_api.test_middleware.TestRequestContext" name="test_clear" time="0.000" /><testcase classname="tests.test_api.test_middleware.TestRequestContext" name="test_to_dict" time="0.000" /><testcase classname="tests.test_api.test_middleware.TestRequestIDMiddleware" name="test_generate_request_id" time="0.002" /><testcase classname="tests.test_api.test_middleware.TestRequestIDMiddleware" name="test_use_existing_request_id" time="0.002" /><testcase classname="tests.test_api.test_middleware.TestTimingMiddleware" name="test_record_duration" time="0.002" /><testcase classname="tests.test_api.test_middleware.TestTimingMiddleware" name="test_slow_request_warning" time="0.013" /><testcase classname="tests.test_api.test_middleware.TestLoggingMiddleware" name="test_log_request" time="0.002" /><testcase classname="tests.test_api.test_middleware.TestLoggingMiddleware" name="test_skip_excluded_paths" time="0.002" /><testcase classname="tests.test_api.test_middleware.TestLoggingMiddleware" name="test_log_error_response" time="0.002" /><testcase classname="tests.test_api.test_routes.TestHealthEndpoints" name="test_health_check" time="0.003" /><testcase classname="tests.test_api.test_routes.TestHealthEndpoints" name="test_root_endpoint" time="0.002" /><testcase classname="tests.test_api.test_routes.TestTaskEndpoints" name="test_create_task" time="6.223" /><testcase classname="tests.test_api.test_routes.TestTaskEndpoints" name="test_create_task_minimal" time="0.032" /><testcase classname="tests.test_api.test_routes.TestTaskEndpoints" name="test_list_tasks" time="0.027" /><testcase classname="tests.test_api.test_routes.TestTaskEndpoints" name="test_list_tasks_with_pagination" time="0.003" /><testcase classname="tests.test_api.test_routes.TestTaskEndpoints" name="test_get_task_status" time="0.027" /><testcase classname="tests.test_api.test_routes.TestTaskEndpoints" name="test_get_nonexistent_task" time="0.002" /><testcase classname="tests.test_api.test_routes.TestTaskEndpoints" name="test_cancel_task" time="0.025" /><testcase classname="tests.test_api.test_routes.TestTaskEndpoints" name="test_get_task_logs" time="0.027" /><testcase classname="tests.test_api.test_routes.TestConfigEndpoints" name="test_get_config" time="0.002" /><testcase classname="tests.test_api.test_routes.TestConfigEndpoints" name="test_update_config" time="0.002" /><testcase classname="tests.test_api.test_routes.TestSystemEndpoints" name="test_get_system_health" time="0.003" /><testcase classname="tests.test_api.test_routes.TestSystemEndpoints" name="test_get_system_stats" time="0.004" /><testcase classname="tests.test_api.test_routes.TestValidationErrors" name="test_create_task_missing_required_field" time="0.003" /><testcase classname="tests.test_api.test_routes.TestValidationErrors" name="test_create_task_invalid_data_type" time="0.003" /><testcase classname="tests.test_api.test_routes.TestResponseModels" name="test_task_create_response_model" time="0.000" /><testcase classname="tests.test_api.test_routes.TestResponseModels" name="test_task_status_response_model" time="0.000" /><testcase classname="tests.test_api_controllers" name="test_create_task" time="0.024" /><testcase classname="tests.test_api_controllers" name="test_list_tasks" time="0.003" /><testcase classname="tests.test_api_controllers" name="test_get_task_status" time="0.002" /><testcase classname="tests.test_validators.TestValidationResult" name="test_default_valid" time="0.000" /><testcase classname="tests.test_validators.TestValidationResult" name="test_add_error" time="0.000" /><testcase classname="tests.test_validators.TestValidationResult" name="test_merge_results" time="0.000" /><testcase classname="tests.test_validators.TestFieldValidator" name="test_required_with_value" time="0.000" /><testcase classname="tests.test_validators.TestFieldValidator" name="test_required_with_none" time="0.000" /><testcase classname="tests.test_validators.TestFieldValidator" name="test_required_with_empty_string" time="0.000" /><testcase classname="tests.test_validators.TestFieldValidator" name="test_string_valid" time="0.000" /><testcase classname="tests.test_validators.TestFieldValidator" name="test_string_min_length" time="0.000" /><testcase classname="tests.test_validators.TestFieldValidator" name="test_string_max_length" time="0.000" /><testcase classname="tests.test_validators.TestFieldValidator" name="test_string_pattern" time="0.000" /><testcase classname="tests.test_validators.TestFieldValidator" name="test_integer_valid" time="0.000" /><testcase classname="tests.test_validators.TestFieldValidator" name="test_integer_invalid_type" time="0.000" /><testcase classname="tests.test_validators.TestFieldValidator" name="test_integer_min_value" time="0.000" /><testcase classname="tests.test_validators.TestFieldValidator" name="test_integer_max_value" time="0.000" /><testcase classname="tests.test_validators.TestFieldValidator" name="test_float_valid" time="0.000" /><testcase classname="tests.test_validators.TestFieldValidator" name="test_float_range" time="0.000" /><testcase classname="tests.test_validators.TestFieldValidator" name="test_enum_valid" time="0.001" /><testcase classname="tests.test_validators.TestFieldValidator" name="test_enum_invalid" time="0.000" /><testcase classname="tests.test_validators.TestFieldValidator" name="test_list_valid" time="0.000" /><testcase classname="tests.test_validators.TestFieldValidator" name="test_list_min_items" time="0.000" /><testcase classname="tests.test_validators.TestFieldValidator" name="test_list_max_items" time="0.000" /><testcase classname="tests.test_validators.TestFieldValidator" name="test_dict_valid" time="0.000" /><testcase classname="tests.test_validators.TestFieldValidator" name="test_dict_missing_required" time="0.000" /><testcase classname="tests.test_validators.TestSchemaValidator" name="test_validate_valid_data" time="0.000" /><testcase classname="tests.test_validators.TestSchemaValidator" name="test_validate_invalid_data" time="0.000" /><testcase classname="tests.test_validators.TestCommonSchemas" name="test_task_request_valid" time="0.000" /><testcase classname="tests.test_validators.TestCommonSchemas" name="test_task_request_invalid_prompt" time="0.000" /><testcase classname="tests.test_validators.TestCommonSchemas" name="test_task_request_invalid_chapters" time="0.000" /><testcase classname="tests.test_validators.TestCommonSchemas" name="test_agent_config_valid" time="0.000" /><testcase classname="tests.test_validators.TestCommonSchemas" name="test_agent_config_invalid_provider" time="0.000" /><testcase classname="tests.test_validators.TestCommonSchemas" name="test_agent_config_invalid_temperature" time="0.000" /><testcase classname="tests.test_exceptions.TestExceptions" name="test_base_exception_creation" time="0.000" /><testcase classname="tests.test_exceptions.TestExceptions" name="test_exception_to_dict" time="0.000" /><testcase classname="tests.test_exceptions.TestExceptions" name="test_exception_with_cause" time="0.000" /><testcase classname="tests.test_exceptions.TestExceptions" name="test_config_exception" time="0.000" /><testcase classname="tests.test_exceptions.TestExceptions" name="test_agent_exception" time="0.000" /><testcase classname="tests.test_exceptions.TestExceptions" name="test_llm_exception" time="0.000" /><testcase classname="tests.test_exceptions.TestExceptionHelpers" name="test_raise_config_error" time="0.000" /><testcase classname="tests.test_exceptions.TestExceptionHelpers" name="test_raise_agent_error" time="0.000" /><testcase classname="tests.test_exceptions.TestExceptionHelpers" name="test_raise_llm_error" time="0.000" /><testcase classname="tests.test_exceptions.TestErrorCodes" name="test_error_code_values" time="0.000" /><testcase classname="tests.test_exceptions.TestErrorCodes" name="test_error_code_categories" time="0.000" /><testcase classname="tests.test_performance_monitor.TestMetricValue" name="test_metric_value_creation" time="0.000" /><testcase classname="tests.test_performance_monitor.TestMetricValue" name="test_metric_value_to_dict" time="0.000" /><testcase classname="tests.test_performance_monitor.TestPerformanceMonitor" name="test_record_counter" time="0.001" /><testcase classname="tests.test_performance_monitor.TestPerformanceMonitor" name="test_record_gauge" time="0.000" /><testcase classname="tests.test_performance_monitor.TestPerformanceMonitor" name="test_record_histogram" time="0.000" /><testcase classname="tests.test_performance_monitor.TestPerformanceMonitor" name="test_timer" time="0.011" /><testcase classname="tests.test_performance_monitor.TestPerformanceMonitor" name="test_timed_execution" time="0.011" /><testcase classname="tests.test_performance_monitor.TestPerformanceMonitor" name="test_threshold_alert" time="0.001" /><testcase classname="tests.test_performance_monitor.TestPerformanceMonitor" name="test_get_all_metrics" time="0.001" /><testcase classname="tests.test_performance_monitor.TestDecorators" name="test_timed_decorator" time="0.012" /><testcase classname="tests.test_performance_monitor.TestDecorators" name="test_count_calls_decorator" time="0.000" /><testcase classname="tests.test_performance_monitor.TestConvenienceFunctions" name="test_record_llm_call" time="0.001" /><testcase classname="tests.test_performance_monitor.TestConvenienceFunctions" name="test_record_db_query" time="0.001" /><testcase classname="tests.test_router" name="test_router_initialization" time="0.827" /><testcase classname="tests.test_router" name="test_router_clients" time="0.411" /><testcase classname="tests.test_router" name="test_healthy_clients" time="0.398" /></testsuite></testsuites>